  Main.cpp
D:\Installation04\Lab11\inversions.h(2,10): warning C4067: unexpected tokens following preprocessor directive - expected a newline
D:\Installation04\Lab11\sort.h(33,23): warning C4018: '<': signed/unsigned mismatch
D:\Installation04\Lab11\Main.cpp(48): message : see reference to function template instantiation 'void insertionSort<int>(std::vector<int,std::allocator<int>> &)' being compiled
D:\Installation04\Lab11\sort.h(75,29): warning C4018: '<': signed/unsigned mismatch
D:\Installation04\Lab11\Main.cpp(68): message : see reference to function template instantiation 'void shellsort<int>(std::vector<int,std::allocator<int>> &)' being compiled
  inversions.cpp
D:\Installation04\Lab11\inversions.h(2,10): warning C4067: unexpected tokens following preprocessor directive - expected a newline
D:\Installation04\Lab11\inversions.cpp(10,20): warning C4018: '<': signed/unsigned mismatch
D:\Installation04\Lab11\inversions.cpp(12,21): warning C4018: '<': signed/unsigned mismatch
  randVec.cpp
D:\Installation04\Lab11\randVec.cpp(12,20): warning C4018: '<': signed/unsigned mismatch
  revVec.cpp
  sortVec.cpp
D:\Installation04\Lab11\sortVec.cpp(6,20): warning C4018: '<': signed/unsigned mismatch
  Generating code
  2 of 156 functions ( 1.3%) were compiled, the rest were copied from previous compilation.
    0 functions were new in current compilation
    8 functions had inline decision re-evaluated but remain unchanged
  Finished generating code
  Lab11.vcxproj -> D:\Installation04\Lab11\Release\Lab11.exe
